<?xml version="1.0" encoding="UTF-8"?>
<!-- Generated by org.testng.reporters.JUnitReportReporter -->
<testsuite skipped="0" hostname="DESKTOP-U6L5K59" name="com.karhoo.qa.testcases.KarhooTeamPageTest" tests="1" failures="0" timestamp="04 Jan 2019 22:30:41 GMT" time="12.176" errors="0">
  <testcase name="applyTest" time="12.176" classname="com.karhoo.qa.testcases.KarhooTeamPageTest"/>
</testsuite> <!-- com.karhoo.qa.testcases.KarhooTeamPageTest -->
