<?xml version="1.0" encoding="UTF-8"?>
<!-- Generated by org.testng.reporters.JUnitReportReporter -->
<testsuite skipped="0" hostname="DESKTOP-U6L5K59" name="com.karhoo.qa.testcases.HomePageTest" tests="1" failures="0" timestamp="03 Jan 2019 20:07:26 GMT" time="8.451" errors="0">
  <testcase name="navigateToKarhooTeamPageTest" time="8.451" classname="com.karhoo.qa.testcases.HomePageTest"/>
</testsuite> <!-- com.karhoo.qa.testcases.HomePageTest -->
